Determining if the pthread_create exist failed with the following output:
Change Dir: /home/ubuntu/dev/ros/N_Robot/build/CMakeFiles/CMakeTmp

Run Build Command:/usr/bin/make "cmTryCompileExec923797762/fast"
make[1]: Entering directory `/home/ubuntu/dev/ros/N_Robot/build/CMakeFiles/CMakeTmp'
/usr/bin/make -f CMakeFiles/cmTryCompileExec923797762.dir/build.make CMakeFiles/cmTryCompileExec923797762.dir/build
make[2]: Entering directory `/home/ubuntu/dev/ros/N_Robot/build/CMakeFiles/CMakeTmp'
/usr/bin/cmake -E cmake_progress_report /home/ubuntu/dev/ros/N_Robot/build/CMakeFiles/CMakeTmp/CMakeFiles 1
Building C object CMakeFiles/cmTryCompileExec923797762.dir/CheckSymbolExists.c.o
/usr/bin/cc    -o CMakeFiles/cmTryCompileExec923797762.dir/CheckSymbolExists.c.o   -c /home/ubuntu/dev/ros/N_Robot/build/CMakeFiles/CMakeTmp/CheckSymbolExists.c
Linking C executable cmTryCompileExec923797762
/usr/bin/cmake -E cmake_link_script CMakeFiles/cmTryCompileExec923797762.dir/link.txt --verbose=1
/usr/bin/cc       CMakeFiles/cmTryCompileExec923797762.dir/CheckSymbolExists.c.o  -o cmTryCompileExec923797762 -rdynamic 
CMakeFiles/cmTryCompileExec923797762.dir/CheckSymbolExists.c.o: In function `main':
CheckSymbolExists.c:(.text+0xe): undefined reference to `pthread_create'
CheckSymbolExists.c:(.text+0x12): undefined reference to `pthread_create'
collect2: error: ld returned 1 exit status
make[2]: Leaving directory `/home/ubuntu/dev/ros/N_Robot/build/CMakeFiles/CMakeTmp'
make[2]: *** [cmTryCompileExec923797762] Error 1
make[1]: Leaving directory `/home/ubuntu/dev/ros/N_Robot/build/CMakeFiles/CMakeTmp'
make[1]: *** [cmTryCompileExec923797762/fast] Error 2

File /home/ubuntu/dev/ros/N_Robot/build/CMakeFiles/CMakeTmp/CheckSymbolExists.c:
/* */
#include <pthread.h>

int main(int argc, char** argv)
{
  (void)argv;
#ifndef pthread_create
  return ((int*)(&pthread_create))[argc];
#else
  (void)argc;
  return 0;
#endif
}

Determining if the function pthread_create exists in the pthreads failed with the following output:
Change Dir: /home/ubuntu/dev/ros/N_Robot/build/CMakeFiles/CMakeTmp

Run Build Command:/usr/bin/make "cmTryCompileExec1051132618/fast"
make[1]: Entering directory `/home/ubuntu/dev/ros/N_Robot/build/CMakeFiles/CMakeTmp'
/usr/bin/make -f CMakeFiles/cmTryCompileExec1051132618.dir/build.make CMakeFiles/cmTryCompileExec1051132618.dir/build
make[2]: Entering directory `/home/ubuntu/dev/ros/N_Robot/build/CMakeFiles/CMakeTmp'
/usr/bin/cmake -E cmake_progress_report /home/ubuntu/dev/ros/N_Robot/build/CMakeFiles/CMakeTmp/CMakeFiles 1
Building C object CMakeFiles/cmTryCompileExec1051132618.dir/CheckFunctionExists.c.o
/usr/bin/cc   -DCHECK_FUNCTION_EXISTS=pthread_create   -o CMakeFiles/cmTryCompileExec1051132618.dir/CheckFunctionExists.c.o   -c /usr/share/cmake-2.8/Modules/CheckFunctionExists.c
Linking C executable cmTryCompileExec1051132618
/usr/bin/cmake -E cmake_link_script CMakeFiles/cmTryCompileExec1051132618.dir/link.txt --verbose=1
/usr/bin/cc   -DCHECK_FUNCTION_EXISTS=pthread_create    CMakeFiles/cmTryCompileExec1051132618.dir/CheckFunctionExists.c.o  -o cmTryCompileExec1051132618 -rdynamic -lpthreads 
/usr/bin/ld: cannot find -lpthreads
collect2: error: ld returned 1 exit status
make[2]: Leaving directory `/home/ubuntu/dev/ros/N_Robot/build/CMakeFiles/CMakeTmp'
make[2]: *** [cmTryCompileExec1051132618] Error 1
make[1]: Leaving directory `/home/ubuntu/dev/ros/N_Robot/build/CMakeFiles/CMakeTmp'
make[1]: *** [cmTryCompileExec1051132618/fast] Error 2


